This is pdfTeX, Version 3.1415926-1.40.10 (MiKTeX 2.8) (preloaded format=pdflatex 2010.3.16)  5 MAY 2013 15:03
entering extended mode
**Introduction*to*Data*Science*1.tex

("C:\Documents and Settings\kevin.obrien\My Documents\Introduction to Data Scie
nce 1.tex"
LaTeX2e <2005/12/01>
Babel <v3.8l> and hyphenation patterns for english, dumylang, nohyphenation, ge
rman, ngerman, german-x-2009-06-19, ngerman-x-2009-06-19, french, loaded.
("C:\Program Files\Miktek\tex\latex\base\article.cls"
Document Class: article 2005/09/16 v1.4f Standard LaTeX document class
("C:\Program Files\Miktek\tex\latex\base\size12.clo"
File: size12.clo 2005/09/16 v1.4f Standard LaTeX file (size option)
)
\c@part=\count79
\c@section=\count80
\c@subsection=\count81
\c@subsubsection=\count82
\c@paragraph=\count83
\c@subparagraph=\count84
\c@figure=\count85
\c@table=\count86
\abovecaptionskip=\skip41
\belowcaptionskip=\skip42
\bibindent=\dimen102
)
("C:\Documents and Settings\kevin.obrien\My Documents\Introduction to Data Scie
nce 1.aux")
LaTeX Font Info:    Checking defaults for OML/cmm/m/it on input line 7.
LaTeX Font Info:    ... okay on input line 7.
LaTeX Font Info:    Checking defaults for T1/cmr/m/n on input line 7.
LaTeX Font Info:    ... okay on input line 7.
LaTeX Font Info:    Checking defaults for OT1/cmr/m/n on input line 7.
LaTeX Font Info:    ... okay on input line 7.
LaTeX Font Info:    Checking defaults for OMS/cmsy/m/n on input line 7.
LaTeX Font Info:    ... okay on input line 7.
LaTeX Font Info:    Checking defaults for OMX/cmex/m/n on input line 7.
LaTeX Font Info:    ... okay on input line 7.
LaTeX Font Info:    Checking defaults for U/cmr/m/n on input line 7.
LaTeX Font Info:    ... okay on input line 7.
LaTeX Font Info:    External font `cmex10' loaded for size
(Font)              <14.4> on input line 9.
LaTeX Font Info:    External font `cmex10' loaded for size
(Font)              <7> on input line 9.

("C:\Documents and Settings\kevin.obrien\My Documents\Introduction to Data Scie
nce 1.toc"
LaTeX Font Info:    External font `cmex10' loaded for size
(Font)              <12> on input line 2.
LaTeX Font Info:    External font `cmex10' loaded for size
(Font)              <8> on input line 2.
LaTeX Font Info:    External font `cmex10' loaded for size
(Font)              <6> on input line 2.
 [1

{C:/Documents and Settings/kevin.obrien/Local Settings/Application Data/MiKTeX/
2.8/pdftex/config/pdftex.map}] [2])
\tf@toc=\write3
 [3]
LaTeX Font Info:    Try loading font information for OMS+cmr on input line 17.

("C:\Program Files\Miktek\tex\latex\base\omscmr.fd"
File: omscmr.fd 1999/05/25 v2.5h Standard LaTeX font definitions
)
LaTeX Font Info:    Font shape `OMS/cmr/m/n' in size <12> not available
(Font)              Font shape `OMS/cmsy/m/n' tried instead on input line 17.

Underfull \hbox (badness 10000) in paragraph at lines 21--22

 []

[4]
Missing character: There is no ‚ in font cmr12!
Missing character: There is no Ä in font cmr12!
Missing character: There is no ú in font cmr12!
Missing character: There is no ‚ in font cmr12!
Missing character: There is no Ä in font cmr12!
Missing character: There is no ù in font cmr12!
 [5]
Missing character: There is no ‚ in font cmr12!
Missing character: There is no Ä in font cmr12!
Missing character: There is no ì in font cmr12!
 [6]
Overfull \hbox (5.00566pt too wide) in paragraph at lines 75--77
\OT1/cmr/m/n/12 Database man-age-ment sys-tems (DBMSs) and, in par-tic-u-lar, r
e-la-tional DBMSs
 []

[7]
Overfull \hbox (17.94171pt too wide) in paragraph at lines 99--100
\OT1/cmr/m/n/12 PostgreSQL (pro-nounced "post-gress-Q-L") is an open source re-
la-tional database
 []

[8]
Missing character: There is no ‚ in font cmr12!
Missing character: There is no Ä in font cmr12!
Missing character: There is no ô in font cmr12!
Missing character: There is no ‚ in font cmr12!
Missing character: There is no Ä in font cmr12!
Missing character: There is no ô in font cmr12!
Missing character: There is no ‚ in font cmr12!
Missing character: There is no Ä in font cmr12!
Missing character: There is no ô in font cmr12!
Missing character: There is no ‚ in font cmr12!
Missing character: There is no Ä in font cmr12!
Missing character: There is no ô in font cmr12!
Missing character: There is no ‚ in font cmr12!
Missing character: There is no Ä in font cmr12!
Missing character: There is no ô in font cmr12!
Missing character: There is no ‚ in font cmr12!
Missing character: There is no Ä in font cmr12!
Missing character: There is no ô in font cmr12!
Missing character: There is no ¬ in font cmr12!
Missing character: There is no ≠ in font cmr12!
Missing character: There is no ¬ in font cmr12!
Missing character: There is no ≠ in font cmr12!
 [9]
Missing character: There is no ‚ in font cmr12!
Missing character: There is no Ä in font cmr12!
Missing character: There is no ô in font cmr12!

Overfull \hbox (894.40063pt too wide) in paragraph at lines 140--140
[]\OT1/cmtt/m/n/12 (Toronto, 18) (Whitby, 27) (New York, 32) (Rome, 37)(Toronto
, 32) (Whitby, 20) (New York, 33) (Rome, 38)(Toronto, 22) (Whitby, 19) (New Yor
k, 20) (Rome, 31)(Toronto, 31) (Whitby, 22) (New York, 19) (Rome, 30)[] 
 []

Missing character: There is no ¬ in font cmr12!
Missing character: There is no ≠ in font cmr12!
Missing character: There is no ¬ in font cmr12!
Missing character: There is no ≠ in font cmr12!
Missing character: There is no ¬ in font cmr12!
Missing character: There is no ≠ in font cmr12!
Missing character: There is no ¬ in font cmr12!
Missing character: There is no ≠ in font cmr12!
Missing character: There is no ¬ in font cmr12!
Missing character: There is no ≠ in font cmr12!
[10]
Missing character: There is no ‚ in font cmr12!
Missing character: There is no Ä in font cmr12!
Missing character: There is no ô in font cmr12!
Missing character: There is no ‚ in font cmr12!
Missing character: There is no Ä in font cmr12!
Missing character: There is no ô in font cmr12!
Missing character: There is no ‚ in font cmr12!
Missing character: There is no Ä in font cmr12!
Missing character: There is no ì in font cmr12!
 [11]
Missing character: There is no ‚ in font cmr12!
Missing character: There is no Ä in font cmr12!
Missing character: There is no ì in font cmr12!
 [12] [13]
Missing character: There is no ‚ in font cmr12!
Missing character: There is no Ä in font cmr12!
Missing character: There is no ì in font cmr12!
Missing character: There is no ‚ in font cmr12!
Missing character: There is no Ä in font cmr12!
Missing character: There is no ì in font cmr12!
Missing character: There is no ‚ in font cmr12!
Missing character: There is no Ä in font cmr12!
Missing character: There is no ì in font cmr12!
Missing character: There is no ‚ in font cmr12!
Missing character: There is no Ä in font cmr12!
Missing character: There is no ì in font cmr12!
 [14]
Missing character: There is no ‚ in font cmr12!
Missing character: There is no Ä in font cmr12!
Missing character: There is no ì in font cmr12!

Overfull \hbox (13.20703pt too wide) in paragraph at lines 228--229
[]\OT1/cmr/m/n/12 Lastly, many NoSQL database tech-nolo-gies have ex-cel-lent i
n-te-grated caching
 []

[15] [16] [17] [18] [19] [20] [21]
Missing character: There is no ¬ in font cmr12!
Missing character: There is no í in font cmr12!

Underfull \hbox (badness 10000) in paragraph at lines 300--301

 []


Underfull \hbox (badness 10000) in paragraph at lines 302--303

 []


Underfull \hbox (badness 10000) in paragraph at lines 304--305

 []


Underfull \hbox (badness 10000) in paragraph at lines 306--307

 []


Underfull \hbox (badness 10000) in paragraph at lines 308--309

 []


Underfull \hbox (badness 10000) in paragraph at lines 310--311

 []


Underfull \hbox (badness 10000) in paragraph at lines 312--313

 []


Underfull \hbox (badness 10000) in paragraph at lines 314--315

 []

[22]
Missing character: There is no ¬ in font cmr12!
Missing character: There is no í in font cmr12!

Underfull \hbox (badness 10000) in paragraph at lines 319--326

 []


Underfull \hbox (badness 10000) in paragraph at lines 334--337

 []

[23]
Missing character: There is no ¬ in font cmr12!
Missing character: There is no í in font cmr12!
 [24]
Missing character: There is no ¬ in font cmr12!
Missing character: There is no í in font cmr12!
 [25] [26] [27] [28]
Overfull \hbox (4.31815pt too wide) in paragraph at lines 432--435
[]\OT1/cmr/m/n/12 Data Ac-cess (1980s) "What were unit sales in New Eng-land la
st March?"
 []

[29] [30] [31] [32] [33] [34]
Missing character: There is no ¬ in font cmr12!
Missing character: There is no í in font cmr12!
Missing character: There is no ¬ in font cmr12!
Missing character: There is no í in font cmr12!
 [35]
Overfull \hbox (8.4223pt too wide) in paragraph at lines 513--514
[]\OT1/cmr/m/n/12 Data min-ing (DMM), also called Knowledge-Discovery in Databa
ses (KDD)
 []

[36] [37]
("C:\Documents and Settings\kevin.obrien\My Documents\Introduction to Data Scie
nce 1.aux") ) 
Here is how much of TeX's memory you used:
 262 strings out of 495285
 3586 string characters out of 3180663
 51102 words of memory out of 3000000
 3528 multiletter control sequences out of 15000+200000
 9683 words of font info for 34 fonts, out of 3000000 for 9000
 14 hyphenation exceptions out of 8191
 22i,6n,19p,1258b,187s stack positions out of 5000i,500n,10000p,200000b,50000s
<C:/Program Files/Miktek/fonts/type1/public/amsfonts/cm/cmbx12.pfb
><C:/Program Files/Miktek/fonts/type1/public/amsfonts/cm/cmbxti10.pfb><C:/Progr
am Files/Miktek/fonts/type1/public/amsfonts/cm/cmmi12.pfb><C:/Program Files/Mik
tek/fonts/type1/public/amsfonts/cm/cmr12.pfb><C:/Program Files/Miktek/fonts/typ
e1/public/amsfonts/cm/cmr17.pfb><C:/Program Files/Miktek/fonts/type1/public/ams
fonts/cm/cmsy10.pfb><C:/Program Files/Miktek/fonts/type1/public/amsfonts/cm/cmt
i12.pfb><C:/Program Files/Miktek/fonts/type1/public/amsfonts/cm/cmtt12.pfb>
Output written on "Introduction to Data Science 1.pdf" (37 pages, 177252 bytes)
.
PDF statistics:
 155 PDF objects out of 1000 (max. 8388607)
 0 named destinations out of 1000 (max. 500000)
 1 words of extra memory for PDF output out of 10000 (max. 10000000)

